<?xml version="1.0" encoding="UTF-8"?>
<!-- Generated by org.testng.reporters.JUnitReportReporter -->
<testsuite hostname="DESKTOP-VIKTTSV" failures="0" tests="1" name="donatekart.funding.Homepage" time="15.922" errors="0" timestamp="2020-10-21T11:29:54 IST" skipped="0">
  <testcase classname="donatekart.funding.Homepage" name="homepagenavigation" time="15.922"/>
  <system-out/>
</testsuite> <!-- donatekart.funding.Homepage -->
