<?xml version="1.0" encoding="UTF-8"?>
<!-- Generated by org.testng.reporters.JUnitReportReporter -->
<testsuite hostname="DESKTOP-VIKTTSV" failures="0" tests="3" name="donatekart.funding.OldagepeopleTest" time="0.009" errors="0" timestamp="2020-10-19T11:24:01 IST" skipped="0">
  <testcase classname="donatekart.funding.OldagepeopleTest" name="groceries" time="0.003"/>
  <system-out/>
  <testcase classname="donatekart.funding.OldagepeopleTest" name="clothes" time="0.004"/>
  <system-out/>
  <testcase classname="donatekart.funding.OldagepeopleTest" name="money" time="0.002"/>
  <system-out/>
</testsuite> <!-- donatekart.funding.OldagepeopleTest -->
